Using pre-set license
Built from '2021.3/staging' branch; Version is '2021.3.16f1 (4016570cf34f) revision 4200023'; Using compiler version '192829333'; Build Type 'Release'
OS: 'Windows 11  (10.0.22621) 64bit Core' Language: 'en' Physical Memory: 15791 MB
BatchMode: 1, IsHumanControllingUs: 0, StartBugReporterOnCrash: 0, Is64bit: 1, IsPro: 1

COMMAND LINE ARGUMENTS:
C:\Program Files\Unity\Hub\Editor\2021.3.16f1\Editor\Unity.exe
-adb2
-batchMode
-noUpm
-name
AssetImportWorker1
-projectPath
D:/Hyper Island/Projects/Unity/DrivingLessonGame/CarDrivingLessonInVR
-logFile
Logs/AssetImportWorker1.log
-srvPort
53525
Successfully changed project path to: D:/Hyper Island/Projects/Unity/DrivingLessonGame/CarDrivingLessonInVR
D:/Hyper Island/Projects/Unity/DrivingLessonGame/CarDrivingLessonInVR
[UnityMemory] Configuration Parameters - Can be set up in boot.config
    "memorysetup-bucket-allocator-granularity=16"
    "memorysetup-bucket-allocator-bucket-count=8"
    "memorysetup-bucket-allocator-block-size=33554432"
    "memorysetup-bucket-allocator-block-count=8"
    "memorysetup-main-allocator-block-size=16777216"
    "memorysetup-thread-allocator-block-size=16777216"
    "memorysetup-gfx-main-allocator-block-size=16777216"
    "memorysetup-gfx-thread-allocator-block-size=16777216"
    "memorysetup-cache-allocator-block-size=4194304"
    "memorysetup-typetree-allocator-block-size=2097152"
    "memorysetup-profiler-bucket-allocator-granularity=16"
    "memorysetup-profiler-bucket-allocator-bucket-count=8"
    "memorysetup-profiler-bucket-allocator-block-size=33554432"
    "memorysetup-profiler-bucket-allocator-block-count=8"
    "memorysetup-profiler-allocator-block-size=16777216"
    "memorysetup-profiler-editor-allocator-block-size=1048576"
    "memorysetup-temp-allocator-size-main=16777216"
    "memorysetup-job-temp-allocator-block-size=2097152"
    "memorysetup-job-temp-allocator-block-size-background=1048576"
    "memorysetup-job-temp-allocator-reduction-small-platforms=262144"
    "memorysetup-temp-allocator-size-background-worker=32768"
    "memorysetup-temp-allocator-size-job-worker=262144"
    "memorysetup-temp-allocator-size-preload-manager=33554432"
    "memorysetup-temp-allocator-size-nav-mesh-worker=65536"
    "memorysetup-temp-allocator-size-audio-worker=65536"
    "memorysetup-temp-allocator-size-cloud-worker=32768"
    "memorysetup-temp-allocator-size-gi-baking-worker=262144"
    "memorysetup-temp-allocator-size-gfx=262144"
Player connection [34772] Host "[IP] 192.168.1.153 [Port] 0 [Flags] 2 [Guid] 2551412555 [EditorId] 2551412555 [Version] 1048832 [Id] WindowsEditor(7,Zuhaib) [Debug] 1 [PackageName] WindowsEditor [ProjectName] Editor" joined multi-casting on [225.0.0.222:54997]...

Player connection [34772] Host "[IP] 192.168.1.153 [Port] 0 [Flags] 2 [Guid] 2551412555 [EditorId] 2551412555 [Version] 1048832 [Id] WindowsEditor(7,Zuhaib) [Debug] 1 [PackageName] WindowsEditor [ProjectName] Editor" joined alternative multi-casting on [225.0.0.222:34997]...

Refreshing native plugins compatible for Editor in 136.77 ms, found 12 plugins.
Preloading 1 native plugins for Editor in 0.80 ms.
Initialize engine version: 2021.3.16f1 (4016570cf34f)
[Subsystems] Discovering subsystems at path C:/Program Files/Unity/Hub/Editor/2021.3.16f1/Editor/Data/Resources/UnitySubsystems
[Subsystems] Discovering subsystems at path D:/Hyper Island/Projects/Unity/DrivingLessonGame/CarDrivingLessonInVR/Assets
GfxDevice: creating device client; threaded=0; jobified=0
Direct3D:
    Version:  Direct3D 11.0 [level 11.1]
    Renderer: NVIDIA GeForce RTX 3070 Laptop GPU (ID=0x249d)
    Vendor:   NVIDIA
    VRAM:     8033 MB
    Driver:   31.0.15.2824
Initialize mono
Mono path[0] = 'C:/Program Files/Unity/Hub/Editor/2021.3.16f1/Editor/Data/Managed'
Mono path[1] = 'C:/Program Files/Unity/Hub/Editor/2021.3.16f1/Editor/Data/MonoBleedingEdge/lib/mono/unityjit-win32'
Mono config path = 'C:/Program Files/Unity/Hub/Editor/2021.3.16f1/Editor/Data/MonoBleedingEdge/etc'
Using monoOptions --debugger-agent=transport=dt_socket,embedding=1,server=y,suspend=n,address=127.0.0.1:56852
Begin MonoManager ReloadAssembly
Registering precompiled unity dll's ...
Register platform support module: C:/Program Files/Unity/Hub/Editor/2021.3.16f1/Editor/Data/PlaybackEngines/AndroidPlayer/UnityEditor.Android.Extensions.dll
Register platform support module: C:/Program Files/Unity/Hub/Editor/2021.3.16f1/Editor/Data/PlaybackEngines/WindowsStandaloneSupport/UnityEditor.WindowsStandalone.Extensions.dll
Registered in 0.010207 seconds.
Native extension for WindowsStandalone target not found
Native extension for Android target not found
Refreshing native plugins compatible for Editor in 118.13 ms, found 12 plugins.
Preloading 1 native plugins for Editor in 0.19 ms.
Mono: successfully reloaded assembly
- Completed reload, in  0.789 seconds
Domain Reload Profiling:
	ReloadAssembly (789ms)
		BeginReloadAssembly (95ms)
			ExecutionOrderSort (0ms)
			DisableScriptedObjects (0ms)
			BackupInstance (0ms)
			ReleaseScriptingObjects (0ms)
			CreateAndSetChildDomain (1ms)
		EndReloadAssembly (572ms)
			LoadAssemblies (93ms)
			RebuildTransferFunctionScriptingTraits (0ms)
			SetupTypeCache (134ms)
			ReleaseScriptCaches (0ms)
			RebuildScriptCaches (31ms)
			SetupLoadedEditorAssemblies (343ms)
				LogAssemblyErrors (0ms)
				InitializePlatformSupportModulesInManaged (67ms)
				SetLoadedEditorAssemblies (0ms)
				RefreshPlugins (118ms)
				BeforeProcessingInitializeOnLoad (1ms)
				ProcessInitializeOnLoadAttributes (104ms)
				ProcessInitializeOnLoadMethodAttributes (52ms)
				AfterProcessingInitializeOnLoad (0ms)
				EditorAssembliesLoaded (0ms)
			ExecutionOrderSort2 (0ms)
			AwakeInstancesAfterBackupRestoration (0ms)
Platform modules already initialized, skipping
Registering precompiled user dll's ...
Registered in 0.014362 seconds.
Begin MonoManager ReloadAssembly
Symbol file LoadedFromMemory doesn't match image D:\Hyper Island\Projects\Unity\DrivingLessonGame\CarDrivingLessonInVR\Library\PackageCache\com.unity.visualscripting@1.7.8\Editor\VisualScripting.Core\Dependencies\DotNetZip\Unity.VisualScripting.IonicZip.dll
Symbol file LoadedFromMemory doesn't match image D:\Hyper Island\Projects\Unity\DrivingLessonGame\CarDrivingLessonInVR\Library\PackageCache\com.unity.visualscripting@1.7.8\Editor\VisualScripting.Core\Dependencies\YamlDotNet\Unity.VisualScripting.YamlDotNet.dll
Native extension for WindowsStandalone target not found
Native extension for Android target not found
Refreshing native plugins compatible for Editor in 93.87 ms, found 12 plugins.
Preloading 1 native plugins for Editor in 0.05 ms.
Package Manager log level set to [2]
System.Reflection.TargetInvocationException: Exception has been thrown by the target of an invocation. ---> System.NullReferenceException: Object reference not set to an instance of an object
  at Unity.XR.Oculus.OculusLoader.AssetPathToAbsolutePath (System.String assetPath) [0x0003d] in D:\Hyper Island\Projects\Unity\DrivingLessonGame\CarDrivingLessonInVR\Library\PackageCache\com.unity.xr.oculus@3.2.3\Runtime\OculusLoader.cs:296 
  at Unity.XR.Oculus.OculusLoader.EditorLoadOVRPlugin () [0x0007b] in D:\Hyper Island\Projects\Unity\DrivingLessonGame\CarDrivingLessonInVR\Library\PackageCache\com.unity.xr.oculus@3.2.3\Runtime\OculusLoader.cs:281 
  at (wrapper managed-to-native) System.Reflection.RuntimeMethodInfo.InternalInvoke(System.Reflection.RuntimeMethodInfo,object,object[],System.Exception&)
  at System.Reflection.RuntimeMethodInfo.Invoke (System.Object obj, System.Reflection.BindingFlags invokeAttr, System.Reflection.Binder binder, System.Object[] parameters, System.Globalization.CultureInfo culture) [0x0006a] in <75633565436c42f0a6426b33f0132ade>:0 
   --- End of inner exception stack trace ---
  at System.Reflection.RuntimeMethodInfo.Invoke (System.Object obj, System.Reflection.BindingFlags invokeAttr, System.Reflection.Binder binder, System.Object[] parameters, System.Globalization.CultureInfo culture) [0x00083] in <75633565436c42f0a6426b33f0132ade>:0 
  at System.Reflection.MethodBase.Invoke (System.Object obj, System.Object[] parameters) [0x00000] in <75633565436c42f0a6426b33f0132ade>:0 
  at UnityEditor.EditorAssemblies.ProcessInitializeOnLoadMethodAttributes () [0x000a5] in <11d97693183d4a6bb35c29ae7882c66b>:0 
UnityEngine.StackTraceUtility:ExtractStackTrace ()
UnityEngine.DebugLogHandler:LogFormat (UnityEngine.LogType,UnityEngine.Object,string,object[])
UnityEngine.Logger:Log (UnityEngine.LogType,object)
UnityEngine.Debug:LogError (object)
UnityEditor.EditorAssemblies:ProcessInitializeOnLoadMethodAttributes ()

Mono: successfully reloaded assembly
- Completed reload, in  1.450 seconds
Domain Reload Profiling:
	ReloadAssembly (1451ms)
		BeginReloadAssembly (261ms)
			ExecutionOrderSort (0ms)
			DisableScriptedObjects (8ms)
			BackupInstance (0ms)
			ReleaseScriptingObjects (0ms)
			CreateAndSetChildDomain (147ms)
		EndReloadAssembly (1059ms)
			LoadAssemblies (130ms)
			RebuildTransferFunctionScriptingTraits (0ms)
			SetupTypeCache (310ms)
			ReleaseScriptCaches (1ms)
			RebuildScriptCaches (61ms)
			SetupLoadedEditorAssemblies (526ms)
				LogAssemblyErrors (0ms)
				InitializePlatformSupportModulesInManaged (16ms)
				SetLoadedEditorAssemblies (0ms)
				RefreshPlugins (94ms)
				BeforeProcessingInitializeOnLoad (89ms)
				ProcessInitializeOnLoadAttributes (286ms)
				ProcessInitializeOnLoadMethodAttributes (30ms)
				AfterProcessingInitializeOnLoad (11ms)
				EditorAssembliesLoaded (0ms)
			ExecutionOrderSort2 (0ms)
			AwakeInstancesAfterBackupRestoration (5ms)
Platform modules already initialized, skipping
========================================================================
Worker process is ready to serve import requests
Launched and connected shader compiler UnityShaderCompiler.exe after 0.05 seconds
Refreshing native plugins compatible for Editor in 1.84 ms, found 12 plugins.
Preloading 1 native plugins for Editor in 0.07 ms.
Unloading 4138 Unused Serialized files (Serialized files now loaded: 0)
Unloading 56 unused Assets / (344.8 KB). Loaded Objects now: 4610.
Memory consumption went from 158.6 MB to 158.3 MB.
Total: 4.024500 ms (FindLiveObjects: 0.354600 ms CreateObjectMapping: 0.293400 ms MarkObjects: 3.139000 ms  DeleteObjects: 0.236000 ms)

AssetImportParameters requested are different than current active one (requested -> active):
  custom:video-decoder-ogg-theora: a1e56fd34408186e4bbccfd4996cb3dc -> 
  custom:container-muxer-webm: aa71ff27fc2769a1b78a27578f13a17b -> 
  custom:container-demuxer-webm: 4f35f7cbe854078d1ac9338744f61a02 -> 
  custom:video-encoder-webm-vp8: eb34c28f22e8b96e1ab97ce403110664 -> 
  custom:video-codec-MediaFoundation-h265: 746d11721c4dcdbdad8f713fa42b33f4 -> 
  custom:audio-encoder-webm-vorbis: bf7c407c2cedff20999df2af8eb42d56 -> 
  custom:framework-win-MediaFoundation: 216162199b28c13a410421893ffa2e32 -> 
  custom:container-demuxer-ogg: 62fdf1f143b41e24485cea50d1cbac27 -> 
  custom:video-decoder-webm-vp8: 9c59270c3fd7afecdb556c50c9e8de78 -> 
  custom:audio-decoder-ogg-vorbis: bf7c407c2cedff20999df2af8eb42d56 -> 
========================================================================
Received Import Request.
  Time since last request: 60374.552876 seconds.
  path: Assets/KajamansRoads/Free/Prefabs/l10km_cc4_sl69_t(1212029)_rw12_wh15_n1_RsBtW_MeshV00_m.prefab
  artifactKey: Guid(6becd15d7262243478b14c339313ad72) Importer(815301076,1909f56bfc062723c751e8b465ee728b)
Start importing Assets/KajamansRoads/Free/Prefabs/l10km_cc4_sl69_t(1212029)_rw12_wh15_n1_RsBtW_MeshV00_m.prefab using Guid(6becd15d7262243478b14c339313ad72) Importer(815301076,1909f56bfc062723c751e8b465ee728b)  -> (artifact id: '60cb976b0c1cedcd3f4ed9cc6b75d4c2') in 0.129002 seconds 
========================================================================
Received Import Request.
  Time since last request: 0.000034 seconds.
  path: Assets/KajamansRoads/Free/Prefabs/l10km_cc4_sl20_t(12123025)_A87113010_Alley_m.prefab
  artifactKey: Guid(7a5fccb891a9c954589776539299e74e) Importer(815301076,1909f56bfc062723c751e8b465ee728b)
Start importing Assets/KajamansRoads/Free/Prefabs/l10km_cc4_sl20_t(12123025)_A87113010_Alley_m.prefab using Guid(7a5fccb891a9c954589776539299e74e) Importer(815301076,1909f56bfc062723c751e8b465ee728b)  -> (artifact id: '55eac919775977796c193f03baff772a') in 0.017438 seconds 
========================================================================
Received Import Request.
  Time since last request: 0.000048 seconds.
  path: Assets/KajamansRoads/Free/Prefabs/l20km_cc2_sl30_t(401509)_rw28_wh15_n1_RsBTW_MeshV00.prefab
  artifactKey: Guid(a7e9891f686821e46ade0477d65446f6) Importer(815301076,1909f56bfc062723c751e8b465ee728b)
Start importing Assets/KajamansRoads/Free/Prefabs/l20km_cc2_sl30_t(401509)_rw28_wh15_n1_RsBTW_MeshV00.prefab using Guid(a7e9891f686821e46ade0477d65446f6) Importer(815301076,1909f56bfc062723c751e8b465ee728b)  -> (artifact id: 'd7953acb298a8070437a330d4151fed2') in 0.040285 seconds 
========================================================================
Received Prepare
Registering precompiled user dll's ...
Registered in 0.013626 seconds.
Begin MonoManager ReloadAssembly
Symbol file LoadedFromMemory doesn't match image D:\Hyper Island\Projects\Unity\DrivingLessonGame\CarDrivingLessonInVR\Library\PackageCache\com.unity.visualscripting@1.7.8\Editor\VisualScripting.Core\Dependencies\DotNetZip\Unity.VisualScripting.IonicZip.dll
Symbol file LoadedFromMemory doesn't match image D:\Hyper Island\Projects\Unity\DrivingLessonGame\CarDrivingLessonInVR\Library\PackageCache\com.unity.visualscripting@1.7.8\Editor\VisualScripting.Core\Dependencies\YamlDotNet\Unity.VisualScripting.YamlDotNet.dll
Native extension for WindowsStandalone target not found
Native extension for Android target not found
Refreshing native plugins compatible for Editor in 1.85 ms, found 12 plugins.
Preloading 1 native plugins for Editor in 0.09 ms.
System.Reflection.TargetInvocationException: Exception has been thrown by the target of an invocation. ---> System.NullReferenceException: Object reference not set to an instance of an object
  at Unity.XR.Oculus.OculusLoader.AssetPathToAbsolutePath (System.String assetPath) [0x0003d] in D:\Hyper Island\Projects\Unity\DrivingLessonGame\CarDrivingLessonInVR\Library\PackageCache\com.unity.xr.oculus@3.2.3\Runtime\OculusLoader.cs:296 
  at Unity.XR.Oculus.OculusLoader.EditorLoadOVRPlugin () [0x0007b] in D:\Hyper Island\Projects\Unity\DrivingLessonGame\CarDrivingLessonInVR\Library\PackageCache\com.unity.xr.oculus@3.2.3\Runtime\OculusLoader.cs:281 
  at (wrapper managed-to-native) System.Reflection.RuntimeMethodInfo.InternalInvoke(System.Reflection.RuntimeMethodInfo,object,object[],System.Exception&)
  at System.Reflection.RuntimeMethodInfo.Invoke (System.Object obj, System.Reflection.BindingFlags invokeAttr, System.Reflection.Binder binder, System.Object[] parameters, System.Globalization.CultureInfo culture) [0x0006a] in <75633565436c42f0a6426b33f0132ade>:0 
   --- End of inner exception stack trace ---
  at System.Reflection.RuntimeMethodInfo.Invoke (System.Object obj, System.Reflection.BindingFlags invokeAttr, System.Reflection.Binder binder, System.Object[] parameters, System.Globalization.CultureInfo culture) [0x00083] in <75633565436c42f0a6426b33f0132ade>:0 
  at System.Reflection.MethodBase.Invoke (System.Object obj, System.Object[] parameters) [0x00000] in <75633565436c42f0a6426b33f0132ade>:0 
  at UnityEditor.EditorAssemblies.ProcessInitializeOnLoadMethodAttributes () [0x000a5] in <11d97693183d4a6bb35c29ae7882c66b>:0 
UnityEngine.StackTraceUtility:ExtractStackTrace ()
UnityEngine.DebugLogHandler:LogFormat (UnityEngine.LogType,UnityEngine.Object,string,object[])
UnityEngine.Logger:Log (UnityEngine.LogType,object)
UnityEngine.Debug:LogError (object)
UnityEditor.EditorAssemblies:ProcessInitializeOnLoadMethodAttributes ()

Mono: successfully reloaded assembly
- Completed reload, in  1.202 seconds
Domain Reload Profiling:
	ReloadAssembly (1203ms)
		BeginReloadAssembly (183ms)
			ExecutionOrderSort (0ms)
			DisableScriptedObjects (5ms)
			BackupInstance (0ms)
			ReleaseScriptingObjects (0ms)
			CreateAndSetChildDomain (53ms)
		EndReloadAssembly (898ms)
			LoadAssemblies (132ms)
			RebuildTransferFunctionScriptingTraits (0ms)
			SetupTypeCache (283ms)
			ReleaseScriptCaches (1ms)
			RebuildScriptCaches (38ms)
			SetupLoadedEditorAssemblies (422ms)
				LogAssemblyErrors (0ms)
				InitializePlatformSupportModulesInManaged (29ms)
				SetLoadedEditorAssemblies (1ms)
				RefreshPlugins (2ms)
				BeforeProcessingInitializeOnLoad (83ms)
				ProcessInitializeOnLoadAttributes (260ms)
				ProcessInitializeOnLoadMethodAttributes (36ms)
				AfterProcessingInitializeOnLoad (12ms)
				EditorAssembliesLoaded (0ms)
			ExecutionOrderSort2 (0ms)
			AwakeInstancesAfterBackupRestoration (8ms)
Platform modules already initialized, skipping
Refreshing native plugins compatible for Editor in 6.08 ms, found 12 plugins.
Preloading 1 native plugins for Editor in 0.05 ms.
Unloading 4098 Unused Serialized files (Serialized files now loaded: 0)
Unloading 46 unused Assets / (311.7 KB). Loaded Objects now: 4622.
Memory consumption went from 160.7 MB to 160.4 MB.
Total: 3.981200 ms (FindLiveObjects: 0.475100 ms CreateObjectMapping: 0.185900 ms MarkObjects: 2.985800 ms  DeleteObjects: 0.332000 ms)

AssetImportParameters requested are different than current active one (requested -> active):
  custom:video-decoder-ogg-theora: a1e56fd34408186e4bbccfd4996cb3dc -> 
  custom:container-muxer-webm: aa71ff27fc2769a1b78a27578f13a17b -> 
  custom:container-demuxer-webm: 4f35f7cbe854078d1ac9338744f61a02 -> 
  custom:video-encoder-webm-vp8: eb34c28f22e8b96e1ab97ce403110664 -> 
  custom:video-codec-MediaFoundation-h265: 746d11721c4dcdbdad8f713fa42b33f4 -> 
  custom:audio-encoder-webm-vorbis: bf7c407c2cedff20999df2af8eb42d56 -> 
  custom:framework-win-MediaFoundation: 216162199b28c13a410421893ffa2e32 -> 
  custom:container-demuxer-ogg: 62fdf1f143b41e24485cea50d1cbac27 -> 
  custom:video-decoder-webm-vp8: 9c59270c3fd7afecdb556c50c9e8de78 -> 
  custom:audio-decoder-ogg-vorbis: bf7c407c2cedff20999df2af8eb42d56 -> 
========================================================================
Received Prepare
Registering precompiled user dll's ...
Registered in 0.012737 seconds.
Begin MonoManager ReloadAssembly
Symbol file LoadedFromMemory doesn't match image D:\Hyper Island\Projects\Unity\DrivingLessonGame\CarDrivingLessonInVR\Library\PackageCache\com.unity.visualscripting@1.7.8\Editor\VisualScripting.Core\Dependencies\DotNetZip\Unity.VisualScripting.IonicZip.dll
Symbol file LoadedFromMemory doesn't match image D:\Hyper Island\Projects\Unity\DrivingLessonGame\CarDrivingLessonInVR\Library\PackageCache\com.unity.visualscripting@1.7.8\Editor\VisualScripting.Core\Dependencies\YamlDotNet\Unity.VisualScripting.YamlDotNet.dll
Native extension for WindowsStandalone target not found
Native extension for Android target not found
Refreshing native plugins compatible for Editor in 1.32 ms, found 12 plugins.
Preloading 1 native plugins for Editor in 0.07 ms.
System.Reflection.TargetInvocationException: Exception has been thrown by the target of an invocation. ---> System.NullReferenceException: Object reference not set to an instance of an object
  at Unity.XR.Oculus.OculusLoader.AssetPathToAbsolutePath (System.String assetPath) [0x0003d] in D:\Hyper Island\Projects\Unity\DrivingLessonGame\CarDrivingLessonInVR\Library\PackageCache\com.unity.xr.oculus@3.2.3\Runtime\OculusLoader.cs:296 
  at Unity.XR.Oculus.OculusLoader.EditorLoadOVRPlugin () [0x0007b] in D:\Hyper Island\Projects\Unity\DrivingLessonGame\CarDrivingLessonInVR\Library\PackageCache\com.unity.xr.oculus@3.2.3\Runtime\OculusLoader.cs:281 
  at (wrapper managed-to-native) System.Reflection.RuntimeMethodInfo.InternalInvoke(System.Reflection.RuntimeMethodInfo,object,object[],System.Exception&)
  at System.Reflection.RuntimeMethodInfo.Invoke (System.Object obj, System.Reflection.BindingFlags invokeAttr, System.Reflection.Binder binder, System.Object[] parameters, System.Globalization.CultureInfo culture) [0x0006a] in <75633565436c42f0a6426b33f0132ade>:0 
   --- End of inner exception stack trace ---
  at System.Reflection.RuntimeMethodInfo.Invoke (System.Object obj, System.Reflection.BindingFlags invokeAttr, System.Reflection.Binder binder, System.Object[] parameters, System.Globalization.CultureInfo culture) [0x00083] in <75633565436c42f0a6426b33f0132ade>:0 
  at System.Reflection.MethodBase.Invoke (System.Object obj, System.Object[] parameters) [0x00000] in <75633565436c42f0a6426b33f0132ade>:0 
  at UnityEditor.EditorAssemblies.ProcessInitializeOnLoadMethodAttributes () [0x000a5] in <11d97693183d4a6bb35c29ae7882c66b>:0 
UnityEngine.StackTraceUtility:ExtractStackTrace ()
UnityEngine.DebugLogHandler:LogFormat (UnityEngine.LogType,UnityEngine.Object,string,object[])
UnityEngine.Logger:Log (UnityEngine.LogType,object)
UnityEngine.Debug:LogError (object)
UnityEditor.EditorAssemblies:ProcessInitializeOnLoadMethodAttributes ()

Mono: successfully reloaded assembly
- Completed reload, in  1.000 seconds
Domain Reload Profiling:
	ReloadAssembly (1001ms)
		BeginReloadAssembly (135ms)
			ExecutionOrderSort (0ms)
			DisableScriptedObjects (4ms)
			BackupInstance (0ms)
			ReleaseScriptingObjects (0ms)
			CreateAndSetChildDomain (37ms)
		EndReloadAssembly (781ms)
			LoadAssemblies (107ms)
			RebuildTransferFunctionScriptingTraits (0ms)
			SetupTypeCache (227ms)
			ReleaseScriptCaches (1ms)
			RebuildScriptCaches (35ms)
			SetupLoadedEditorAssemblies (379ms)
				LogAssemblyErrors (0ms)
				InitializePlatformSupportModulesInManaged (25ms)
				SetLoadedEditorAssemblies (0ms)
				RefreshPlugins (1ms)
				BeforeProcessingInitializeOnLoad (64ms)
				ProcessInitializeOnLoadAttributes (240ms)
				ProcessInitializeOnLoadMethodAttributes (36ms)
				AfterProcessingInitializeOnLoad (12ms)
				EditorAssembliesLoaded (0ms)
			ExecutionOrderSort2 (0ms)
			AwakeInstancesAfterBackupRestoration (6ms)
Platform modules already initialized, skipping
Refreshing native plugins compatible for Editor in 5.81 ms, found 12 plugins.
Preloading 1 native plugins for Editor in 0.05 ms.
Unloading 4098 Unused Serialized files (Serialized files now loaded: 0)
Unloading 46 unused Assets / (311.7 KB). Loaded Objects now: 4626.
Memory consumption went from 160.7 MB to 160.4 MB.
Total: 4.572500 ms (FindLiveObjects: 0.586000 ms CreateObjectMapping: 0.323300 ms MarkObjects: 3.420800 ms  DeleteObjects: 0.241100 ms)

AssetImportParameters requested are different than current active one (requested -> active):
  custom:video-decoder-ogg-theora: a1e56fd34408186e4bbccfd4996cb3dc -> 
  custom:container-muxer-webm: aa71ff27fc2769a1b78a27578f13a17b -> 
  custom:container-demuxer-webm: 4f35f7cbe854078d1ac9338744f61a02 -> 
  custom:video-encoder-webm-vp8: eb34c28f22e8b96e1ab97ce403110664 -> 
  custom:video-codec-MediaFoundation-h265: 746d11721c4dcdbdad8f713fa42b33f4 -> 
  custom:audio-encoder-webm-vorbis: bf7c407c2cedff20999df2af8eb42d56 -> 
  custom:framework-win-MediaFoundation: 216162199b28c13a410421893ffa2e32 -> 
  custom:container-demuxer-ogg: 62fdf1f143b41e24485cea50d1cbac27 -> 
  custom:video-decoder-webm-vp8: 9c59270c3fd7afecdb556c50c9e8de78 -> 
  custom:audio-decoder-ogg-vorbis: bf7c407c2cedff20999df2af8eb42d56 -> 
========================================================================
Received Import Request.
  Time since last request: 3093.042388 seconds.
  path: Assets/Material/mirrorMaterial.mat
  artifactKey: Guid(dd21d1954f3b0cd429e1f8350a7aec43) Importer(815301076,1909f56bfc062723c751e8b465ee728b)
Start importing Assets/Material/mirrorMaterial.mat using Guid(dd21d1954f3b0cd429e1f8350a7aec43) Importer(815301076,1909f56bfc062723c751e8b465ee728b)  -> (artifact id: '1d24c503f5816a4053d2983d21dde954') in 0.097571 seconds 
========================================================================
Received Import Request.
  Time since last request: 3396.409801 seconds.
  path: Assets/illusionloop.com/road props/Prefabs - Mobile/Barrier Heavy.prefab
  artifactKey: Guid(e74cc5dcccf056846b28e67dac84038e) Importer(815301076,1909f56bfc062723c751e8b465ee728b)
Start importing Assets/illusionloop.com/road props/Prefabs - Mobile/Barrier Heavy.prefab using Guid(e74cc5dcccf056846b28e67dac84038e) Importer(815301076,1909f56bfc062723c751e8b465ee728b)  -> (artifact id: 'b82019e19bbb45dbec80a088ab6a8a42') in 0.255440 seconds 
========================================================================
Received Import Request.
  Time since last request: 0.000077 seconds.
  path: Assets/illusionloop.com/road props/Prefabs - Mobile/Stone Block.prefab
  artifactKey: Guid(6295f101397fed34cb0934d0aa62ac03) Importer(815301076,1909f56bfc062723c751e8b465ee728b)
Start importing Assets/illusionloop.com/road props/Prefabs - Mobile/Stone Block.prefab using Guid(6295f101397fed34cb0934d0aa62ac03) Importer(815301076,1909f56bfc062723c751e8b465ee728b)  -> (artifact id: '33597909726d15945cabe17cbf9a4982') in 0.059678 seconds 
========================================================================
Received Import Request.
  Time since last request: 0.000064 seconds.
  path: Assets/illusionloop.com/road props/Prefabs - Mobile/Lamp Yellow.prefab
  artifactKey: Guid(bd31283bcf0ea3b49b40a992d75e217d) Importer(815301076,1909f56bfc062723c751e8b465ee728b)
Start importing Assets/illusionloop.com/road props/Prefabs - Mobile/Lamp Yellow.prefab using Guid(bd31283bcf0ea3b49b40a992d75e217d) Importer(815301076,1909f56bfc062723c751e8b465ee728b)  -> (artifact id: '8851150af01547ab19ed9fef3e0cbad8') in 0.048709 seconds 
========================================================================
Received Import Request.
  Time since last request: 0.000068 seconds.
  path: Assets/illusionloop.com/road props/Prefabs - Mobile/Barrier Plastic.prefab
  artifactKey: Guid(81bbc4e0fa172a54e9f291ecccaec2c7) Importer(815301076,1909f56bfc062723c751e8b465ee728b)
Start importing Assets/illusionloop.com/road props/Prefabs - Mobile/Barrier Plastic.prefab using Guid(81bbc4e0fa172a54e9f291ecccaec2c7) Importer(815301076,1909f56bfc062723c751e8b465ee728b)  -> (artifact id: '5649aacf2f479de42977f214b7de4201') in 0.050035 seconds 
========================================================================
Received Import Request.
  Time since last request: 0.000043 seconds.
  path: Assets/illusionloop.com/road props/Prefabs - Mobile/Rubber Block.prefab
  artifactKey: Guid(038775e0d4ace554c81761fe864c244d) Importer(815301076,1909f56bfc062723c751e8b465ee728b)
Start importing Assets/illusionloop.com/road props/Prefabs - Mobile/Rubber Block.prefab using Guid(038775e0d4ace554c81761fe864c244d) Importer(815301076,1909f56bfc062723c751e8b465ee728b)  -> (artifact id: '2149a65410a08e70f1df0bfecf5adc1b') in 0.051505 seconds 
========================================================================
Received Import Request.
  Time since last request: 0.000065 seconds.
  path: Assets/illusionloop.com/road props/Prefabs - Mobile/Water Barrel.prefab
  artifactKey: Guid(69ab91bbdec462a41a8aaacf3ec0289b) Importer(815301076,1909f56bfc062723c751e8b465ee728b)
Start importing Assets/illusionloop.com/road props/Prefabs - Mobile/Water Barrel.prefab using Guid(69ab91bbdec462a41a8aaacf3ec0289b) Importer(815301076,1909f56bfc062723c751e8b465ee728b)  -> (artifact id: '150fb0f7dc5c3704dab17fd880a569cd') in 0.055025 seconds 
========================================================================
Received Import Request.
  Time since last request: 0.000092 seconds.
  path: Assets/illusionloop.com/road props/Prefabs - Mobile/Tire Stack.prefab
  artifactKey: Guid(8616e7e5b07b9d245b2aba184c6f035c) Importer(815301076,1909f56bfc062723c751e8b465ee728b)
Start importing Assets/illusionloop.com/road props/Prefabs - Mobile/Tire Stack.prefab using Guid(8616e7e5b07b9d245b2aba184c6f035c) Importer(815301076,1909f56bfc062723c751e8b465ee728b)  -> (artifact id: '6b0f4ff9f55eb96119e9162b4d0c52e8') in 0.061105 seconds 
========================================================================
Received Import Request.
  Time since last request: 4.503482 seconds.
  path: Assets/illusionloop.com/road props/Prefabs - Standard/Barrier Heavy.prefab
  artifactKey: Guid(8ebf2155e10a4f14ab835414d879b666) Importer(815301076,1909f56bfc062723c751e8b465ee728b)
Start importing Assets/illusionloop.com/road props/Prefabs - Standard/Barrier Heavy.prefab using Guid(8ebf2155e10a4f14ab835414d879b666) Importer(815301076,1909f56bfc062723c751e8b465ee728b)  -> (artifact id: '0a0cbe30814f158c163b751ce82b3f2e') in 0.075598 seconds 
========================================================================
Received Import Request.
  Time since last request: 0.000033 seconds.
  path: Assets/illusionloop.com/road props/Prefabs - Standard/Lamp Orange.prefab
  artifactKey: Guid(f1c71524b194ae54188c385260d5989b) Importer(815301076,1909f56bfc062723c751e8b465ee728b)
Start importing Assets/illusionloop.com/road props/Prefabs - Standard/Lamp Orange.prefab using Guid(f1c71524b194ae54188c385260d5989b) Importer(815301076,1909f56bfc062723c751e8b465ee728b)  -> (artifact id: '154674c79b75936bfef4c4751ae51a4e') in 0.042198 seconds 
========================================================================
Received Import Request.
  Time since last request: 0.000049 seconds.
  path: Assets/illusionloop.com/road props/Prefabs - Standard/Rubber Stand.prefab
  artifactKey: Guid(cc951bf377daadb4f9848574296d1ffb) Importer(815301076,1909f56bfc062723c751e8b465ee728b)
Start importing Assets/illusionloop.com/road props/Prefabs - Standard/Rubber Stand.prefab using Guid(cc951bf377daadb4f9848574296d1ffb) Importer(815301076,1909f56bfc062723c751e8b465ee728b)  -> (artifact id: '7e69358e663ccb1893da9d27eec0534e') in 0.040352 seconds 
========================================================================
Received Import Request.
  Time since last request: 0.000030 seconds.
  path: Assets/illusionloop.com/road props/Prefabs - Standard/Fence.prefab
  artifactKey: Guid(418ee091cafdbb245a2cf2b8286cc39a) Importer(815301076,1909f56bfc062723c751e8b465ee728b)
Start importing Assets/illusionloop.com/road props/Prefabs - Standard/Fence.prefab using Guid(418ee091cafdbb245a2cf2b8286cc39a) Importer(815301076,1909f56bfc062723c751e8b465ee728b)  -> (artifact id: 'ffe2ca1c52d17f32dced115cca799ff3') in 0.290816 seconds 
========================================================================
Received Import Request.
  Time since last request: 0.000061 seconds.
  path: Assets/illusionloop.com/road props/Prefabs - Standard/Tire.prefab
  artifactKey: Guid(2dd8e9b2447271c4f964eed3dd9a37aa) Importer(815301076,1909f56bfc062723c751e8b465ee728b)
Start importing Assets/illusionloop.com/road props/Prefabs - Standard/Tire.prefab using Guid(2dd8e9b2447271c4f964eed3dd9a37aa) Importer(815301076,1909f56bfc062723c751e8b465ee728b)  -> (artifact id: '83c9a3db419d8dbede30f2e9f41fa449') in 0.041390 seconds 
Editor requested this worker to shutdown with reason: Scaling down because of idle timeout
AssetImportWorker is now disconnected from the server
Process exiting
Exiting without the bug reporter. Application will terminate with return code 0